<?xml version="1.0" encoding="UTF-8"?>
<!-- Generated by org.testng.reporters.JUnitXMLReporter -->
<testsuite ignored="0" hostname="LAPTOP-DK38VD03" failures="0" tests="5" name="starHealth001" time="33.099" errors="0" timestamp="2023-10-24T11:56:19 IST">
  <testcase classname="project_starHealth.StarHealthPage" name="Validate_title" time="0.02"/>
  <testcase classname="project_starHealth.StarHealthPage" name="Test_Header_plan" time="6.472"/>
  <testcase classname="project_starHealth.StarHealthPage" name="send_data" time="14.949"/>
  <testcase classname="project_starHealth.StarHealthPage" name="twitter" time="2.652"/>
  <testcase classname="project_starHealth.StarHealthPage" name="closeBrowser" time="0.058"/>
</testsuite> <!-- starHealth001 -->
